<?xml version="1.0" encoding="UTF-8"?>
<!-- Generated by org.testng.reporters.JUnitReportReporter -->
<testsuite hostname="L10-5CG91816Z4" failures="0" tests="9" name="petStoteApi.petStoreApiTest" time="4.253" errors="0" timestamp="2022-12-20T18:53:04 EST" skipped="0">
  <testcase classname="petStoteApi.petStoreApiTest" name="postCatJson" time="0.145"/>
  <system-out/>
  <testcase classname="petStoteApi.petStoreApiTest" name="invalidI" time="1.061"/>
  <system-out/>
  <testcase classname="petStoteApi.petStoreApiTest" name="addPet" time="1.920"/>
  <system-out/>
  <testcase classname="petStoteApi.petStoreApiTest" name="getPetbyId" time="0.110"/>
  <system-out/>
  <testcase classname="petStoteApi.petStoreApiTest" name="postAfish" time="0.174"/>
  <system-out/>
  <testcase classname="petStoteApi.petStoreApiTest" name="getPetByStatus" time="0.161"/>
  <system-out/>
  <testcase classname="petStoteApi.petStoreApiTest" name="getAssertById" time="0.387"/>
  <system-out/>
  <testcase classname="petStoteApi.petStoreApiTest" name="postACat" time="0.164"/>
  <system-out/>
  <testcase classname="petStoteApi.petStoreApiTest" name="updateCat" time="0.131"/>
  <system-out/>
</testsuite> <!-- petStoteApi.petStoreApiTest -->
