<?xml version="1.0" encoding="UTF-8"?>
<!-- Generated by org.testng.reporters.JUnitReportReporter -->
<testsuite hostname="L10-5CG91816Z4" failures="0" tests="6" name="tests.AmazonSearch" time="101.447" errors="0" timestamp="2022-12-02T13:39:42 EST" skipped="0">
  <testcase classname="tests.AmazonSearch" name="AmazonSearchTest" time="17.542"/>
  <system-out/>
  <testcase classname="tests.AmazonSearch" name="AmazonSearchTest" time="15.225"/>
  <system-out/>
  <testcase classname="tests.AmazonSearch" name="AmazonSearchTest" time="12.371"/>
  <system-out/>
  <testcase classname="tests.AmazonSearch" name="AmazonSearchTest" time="16.166"/>
  <system-out/>
  <testcase classname="tests.AmazonSearch" name="AmazonSearchTest" time="20.126"/>
  <system-out/>
  <testcase classname="tests.AmazonSearch" name="AmazonSearchTest" time="20.017"/>
  <system-out/>
</testsuite> <!-- tests.AmazonSearch -->
