<?xml version="1.0" encoding="UTF-8"?>
<!-- Generated by org.testng.reporters.JUnitReportReporter -->
<testsuite hostname="L10-5CG91816Z4" failures="0" tests="5" name="petStoreApiTest.petStoreApiTest" time="4.704" errors="0" timestamp="2022-12-15T18:11:21 EST" skipped="0">
  <testcase classname="petStoreApiTest.petStoreApiTest" name="getById" time="1.572"/>
  <system-out/>
  <testcase classname="petStoreApiTest.petStoreApiTest" name="postApet" time="0.155"/>
  <system-out/>
  <testcase classname="petStoreApiTest.petStoreApiTest" name="findByStatus" time="0.168"/>
  <system-out/>
  <testcase classname="petStoreApiTest.petStoreApiTest" name="postAcat" time="2.675"/>
  <system-out/>
  <testcase classname="petStoreApiTest.petStoreApiTest" name="getPetById" time="0.134"/>
  <system-out/>
</testsuite> <!-- petStoreApiTest.petStoreApiTest -->
