<?xml version="1.0" encoding="UTF-8"?>
<!-- Generated by org.testng.reporters.JUnitReportReporter -->
<testsuite hostname="L10-5CG91816Z4" failures="0" tests="11" name="tests.AmazonSearchWithExcel" time="147.398" errors="0" timestamp="2022-12-01T13:09:02 EST" skipped="0">
  <testcase classname="tests.AmazonSearchWithExcel" name="AmazonSearchTest" time="19.213"/>
  <system-out/>
  <testcase classname="tests.AmazonSearchWithExcel" name="AmazonSearchTest" time="15.253"/>
  <system-out/>
  <testcase classname="tests.AmazonSearchWithExcel" name="AmazonSearchTest" time="16.542"/>
  <system-out/>
  <testcase classname="tests.AmazonSearchWithExcel" name="AmazonSearchTest" time="14.302"/>
  <system-out/>
  <testcase classname="tests.AmazonSearchWithExcel" name="AmazonSearchTest" time="13.773"/>
  <system-out/>
  <testcase classname="tests.AmazonSearchWithExcel" name="AmazonSearchTest" time="14.481"/>
  <system-out/>
  <testcase classname="tests.AmazonSearchWithExcel" name="test" time="2.908"/>
  <system-out/>
  <testcase classname="tests.AmazonSearchWithExcel" name="AmazonSearchTest" time="12.611"/>
  <system-out/>
  <testcase classname="tests.AmazonSearchWithExcel" name="AmazonSearchTest" time="11.042"/>
  <system-out/>
  <testcase classname="tests.AmazonSearchWithExcel" name="AmazonSearchTest" time="12.973"/>
  <system-out/>
  <testcase classname="tests.AmazonSearchWithExcel" name="AmazonSearchTest" time="14.300"/>
  <system-out/>
</testsuite> <!-- tests.AmazonSearchWithExcel -->
