<?xml version="1.0" encoding="UTF-8"?>
<!-- Generated by org.testng.reporters.JUnitReportReporter -->
<testsuite hostname="L10-5CG91816Z4" failures="0" tests="3" name="tests.SignupTests" time="17.474" errors="0" timestamp="2022-12-02T13:39:42 EST" skipped="0">
  <testcase classname="tests.SignupTests" name="test2" time="1.878"/>
  <system-out/>
  <testcase classname="tests.SignupTests" name="test3" time="8.608"/>
  <system-out/>
  <testcase classname="tests.SignupTests" name="signUpPageTest" time="6.988"/>
  <system-out/>
</testsuite> <!-- tests.SignupTests -->
