<?xml version="1.0" encoding="UTF-8"?>
<!-- Generated by org.testng.reporters.JUnitReportReporter -->
<testsuite hostname="L10-5CG91816Z4" failures="0" tests="1" name="petStoteApi.petStoreApiTest" time="2.704" errors="0" timestamp="2022-12-21T09:27:06 EST" skipped="0">
  <testcase classname="petStoteApi.petStoreApiTest" name="postCatJson" time="2.704"/>
  <system-out/>
</testsuite> <!-- petStoteApi.petStoreApiTest -->
