<?xml version="1.0" encoding="UTF-8"?>
<!-- Generated by org.testng.reporters.JUnitReportReporter -->
<testsuite hostname="L10-5CG91816Z4" failures="0" tests="9" name="petStoteApi.petStoreApiTest" time="7.607" errors="0" timestamp="2022-12-21T19:09:20 EST" skipped="0">
  <testcase classname="petStoteApi.petStoreApiTest" name="getAssertById" time="0.340"/>
  <system-out/>
  <testcase classname="petStoteApi.petStoreApiTest" name="invalidI" time="3.246"/>
  <system-out/>
  <testcase classname="petStoteApi.petStoreApiTest" name="postCatJson" time="0.181"/>
  <system-out/>
  <testcase classname="petStoteApi.petStoreApiTest" name="postAfish" time="0.172"/>
  <system-out/>
  <testcase classname="petStoteApi.petStoreApiTest" name="addPet" time="2.221"/>
  <system-out/>
  <testcase classname="petStoteApi.petStoreApiTest" name="getPetByStatus" time="0.178"/>
  <system-out/>
  <testcase classname="petStoteApi.petStoreApiTest" name="updateCat" time="0.145"/>
  <system-out/>
  <testcase classname="petStoteApi.petStoreApiTest" name="postACat" time="1.011"/>
  <system-out/>
  <testcase classname="petStoteApi.petStoreApiTest" name="getPetbyId" time="0.113"/>
  <system-out/>
</testsuite> <!-- petStoteApi.petStoreApiTest -->
